2025-11-06 10:35:00 | WARN | repo=system-int | action=commit
2025-03-19 12:52:00 | INFO | repo=system-int | action=commit
2025-09-12 10:55:00 | WARN | repo=system-int | action=commit
2025-06-22 17:07:00 | WARN | repo=system-int | action=test | passed=true
2025-02-11 21:36:00 | INFO | repo=system-int | action=edit | files=5
2025-09-25 10:02:00 | DEBUG | repo=system-int | action=commit
2025-04-26 13:39:00 | INFO | repo=system-int | action=commit
2025-06-11 21:01:00 | DEBUG | repo=system-int | action=commit
2025-07-23 20:45:00 | WARN | repo=system-int | action=commit
2025-03-15 07:42:00 | WARN | repo=system-int | action=commit
2025-03-18 20:44:00 | INFO | repo=system-int | action=commit
2025-10-04 13:28:00 | DEBUG | repo=system-int | action=pull
2025-09-07 21:56:00 | INFO | repo=system-int | action=commit
2025-03-17 17:52:00 | WARN | repo=system-int | action=edit | files=5
2025-10-10 15:34:00 | DEBUG | repo=system-int | action=commit
2025-06-16 17:06:00 | INFO | repo=system-int | action=commit
2025-11-10 07:07:00 | INFO | repo=system-int | action=test | passed=true
2025-05-15 16:41:00 | INFO | repo=system-int | action=commit
2025-11-01 07:21:00 | DEBUG | repo=system-int | action=test | passed=true
2025-02-08 19:39:00 | INFO | repo=system-int | action=pull
2025-07-06 08:22:00 | INFO | repo=system-int | action=commit
2025-05-03 16:03:00 | DEBUG | repo=system-int | action=test | passed=true
2025-06-07 20:00:00 | WARN | repo=system-int | action=commit
2025-11-08 11:08:00 | WARN | repo=system-int | action=edit | files=5
2025-04-27 13:23:00 | DEBUG | repo=system-int | action=commit
2025-05-02 08:41:00 | INFO | repo=system-int | action=test | passed=true
2025-04-23 07:20:00 | INFO | repo=system-int | action=commit
2025-10-04 16:00:00 | DEBUG | repo=system-int | action=commit
2025-01-20 16:21:00 | INFO | repo=system-int | action=pull
2025-06-27 20:23:00 | WARN | repo=system-int | action=commit
2025-02-13 21:13:00 | INFO | repo=system-int | action=commit
2025-01-22 12:24:00 | INFO | repo=system-int | action=commit
2025-01-28 07:50:00 | DEBUG | repo=system-int | action=commit
2025-07-23 17:36:00 | INFO | repo=system-int | action=pull
2025-01-14 07:08:00 | INFO | repo=system-int | action=commit
2025-12-20 08:42:00 | WARN | repo=system-int | action=pull
2025-03-28 13:57:00 | DEBUG | repo=system-int | action=pull
2025-07-09 18:52:00 | INFO | repo=system-int | action=commit
2025-11-03 17:27:00 | INFO | repo=system-int | action=commit
2025-07-21 16:21:00 | INFO | repo=system-int | action=edit | files=2
2025-11-12 13:51:00 | DEBUG | repo=system-int | action=commit
2025-07-03 16:43:00 | WARN | repo=system-int | action=pull
2025-08-19 09:19:00 | WARN | repo=system-int | action=edit | files=1
2025-09-09 11:47:00 | WARN | repo=system-int | action=edit | files=1
2025-01-15 13:50:00 | INFO | repo=system-int | action=edit | files=4
2025-10-14 18:59:00 | WARN | repo=system-int | action=commit
2025-04-15 21:46:00 | WARN | repo=system-int | action=edit | files=2
2025-04-08 20:45:00 | WARN | repo=system-int | action=commit
2025-04-23 13:47:00 | WARN | repo=system-int | action=commit
2025-05-05 15:30:00 | WARN | repo=system-int | action=commit
2025-05-25 20:02:00 | WARN | repo=system-int | action=pull
2025-05-08 14:18:00 | DEBUG | repo=system-int | action=pull
2025-03-04 18:07:00 | WARN | repo=system-int | action=commit
2025-02-15 08:34:00 | INFO | repo=system-int | action=commit
2025-11-10 08:00:00 | WARN | repo=system-int | action=pull
2025-07-01 08:30:00 | WARN | repo=system-int | action=edit | files=4
2025-07-09 14:49:00 | INFO | repo=system-int | action=commit
2025-03-15 12:50:00 | WARN | repo=system-int | action=commit
2025-01-06 07:46:00 | WARN | repo=system-int | action=commit
2025-10-10 07:45:00 | INFO | repo=system-int | action=commit
2025-05-03 20:56:00 | INFO | repo=system-int | action=test | passed=true
2025-09-16 13:14:00 | WARN | repo=system-int | action=commit
2025-07-04 21:00:00 | DEBUG | repo=system-int | action=pull
2025-11-15 12:13:00 | INFO | repo=system-int | action=pull
2025-01-04 09:11:00 | DEBUG | repo=system-int | action=commit
